GET /api/bookings/get/ 200 2 - 90.204 ms
GET /api/bookings/get/ 200 2 - 86.768 ms
POST /api/customers/ 201 131 - 813.335 ms
POST /api/customers/login 200 131 - 219.249 ms
POST /api/bookings/currentBooking 400 49 - 115.149 ms
POST /api/customers/getCustomer 200 131 - 90.434 ms
POST /api/properties/getPropCust 200 2 - 69.011 ms
POST /api/owners/ 400 48 - 1.117 ms
POST /api/properties/ 201 148 - 139.949 ms
POST /api/customers/login 200 131 - 196.769 ms
POST /api/bookings/currentBooking 400 49 - 95.113 ms
POST /api/customers/getCustomer 200 131 - 125.550 ms
POST /api/properties/getPropCust 200 150 - 96.401 ms
POST /api/owners/ 201 84 - 385.923 ms
POST /api/owners/login 200 84 - 225.777 ms
GET /api/owners/getOwner/9876 200 84 - 86.465 ms
GET /api/properties/get/6458f581eaacdf36090c402e 200 2 - 82.202 ms
POST /api/properties 201 145 - 187.614 ms
GET /api/owners/getOwner/9876 304 - - 143.784 ms
GET /api/properties/get/6458f581eaacdf36090c402e 200 147 - 127.604 ms
POST /api/customers/login 200 131 - 207.324 ms
POST /api/bookings/currentBooking 400 49 - 102.244 ms
POST /api/customers/getCustomer 200 131 - 93.017 ms
POST /api/properties/getPropCust 200 296 - 66.004 ms
POST /api/owners/login 200 84 - 226.515 ms
GET /api/owners/getOwner/9876 304 - - 99.456 ms
GET /api/properties/get/6458f581eaacdf36090c402e 304 - - 68.628 ms
POST /api/customers/login 200 131 - 547.196 ms
POST /api/bookings/currentBooking 400 49 - 81.841 ms
POST /api/customers/getCustomer 200 131 - 103.614 ms
POST /api/properties/getPropCust 200 296 - 251.047 ms
POST /api/bookings/newBooking 200 241 - 791.054 ms
POST /api/bookings/currentBooking 200 258 - 155.924 ms
POST /api/bookings/currentBooking 200 258 - 577.112 ms
POST /api/bookings/currentBooking 200 258 - 96.058 ms
POST /api/bookings/currentBooking 200 258 - 420.699 msPOST /api/customers/ 400 48 - 2.689 ms
POST /api/customers/ 201 108 - 281.666 ms
POST /api/customers/ 400 50 - 40.256 ms
POST /api/customers/ 400 48 - 0.800 ms
POST /api/customers/ 400 48 - 1.249 ms
POST /api/customers/ 400 48 - 0.712 ms
POST /api/customers/ 400 48 - 0.528 ms
POST /api/customers/ 400 50 - 39.963 ms
POST /api/customers/ 400 48 - 0.966 ms
POST /api/customers/ 400 48 - 0.747 ms
POST /api/customers/ 400 48 - 0.466 ms
POST /api/customers/ 400 48 - 0.646 ms
POST /api/customers/ 400 48 - 0.948 ms
POST /api/customers/ 400 48 - 0.756 ms
POST /api/customers/ 400 48 - 0.512 ms
POST /api/customers/ 400 48 - 0.451 ms
POST /api/customers/ 400 48 - 0.440 ms
POST /api/customers/ 400 48 - 0.602 ms
POST /api/customers/ 400 48 - 0.409 ms
POST /api/customers/ 400 48 - 0.496 ms
POST /api/customers/ 400 48 - 0.656 ms
POST /api/customers/ 400 48 - 1.421 ms
POST /api/customers/ 400 48 - 0.474 ms
POST /api/customers/ 400 48 - 0.359 ms
POST /api/customers/ 400 48 - 0.400 ms
POST /api/customers/ 400 48 - 0.431 ms
POST /api/customers/ 400 48 - 0.494 ms
POST /api/customers/ 201 108 - 309.280 ms
POST /api/customers/ 400 48 - 1.853 ms
POST /api/customers/ 400 48 - 1.246 ms
POST /api/customers/ 400 48 - 0.954 ms
POST /api/customers/ 400 48 - 0.728 ms
POST /api/customers/ 400 48 - 0.756 ms
POST /api/customers/ 400 48 - 0.530 ms
POST /api/customers/ 400 48 - 0.562 ms
POST /api/customers/ 400 48 - 1.401 ms
POST /api/customers/ 400 48 - 0.979 ms
POST /api/customers/ 400 48 - 0.675 ms
POST /api/customers/ 400 48 - 0.639 ms
POST /api/customers/ 400 48 - 0.759 ms
POST /api/customers/ 400 50 - 50.018 ms
POST /api/customers/ 400 48 - 0.762 ms
POST /api/customers/ 400 48 - 0.499 ms
POST /api/customers/ 400 48 - 0.555 ms
POST /api/customers/ 400 48 - 0.565 ms
POST /api/customers/ 400 48 - 0.808 ms
POST /api/customers/ 400 48 - 0.674 ms
POST /api/customers/ 400 48 - 3.631 ms
POST /api/customers/ 201 127 - 848.081 ms
POST /api/customers/ 400 48 - 0.819 ms
POST /api/customers/ 400 48 - 0.558 ms
POST /api/customers/ 400 48 - 0.679 ms
POST /api/customers/ 400 48 - 0.690 ms
POST /api/customers/ 400 48 - 0.941 ms
POST /api/customers/ 400 50 - 276.049 ms
POST /api/customers/ 400 50 - 306.339 ms
POST /api/customers/ 400 50 - 282.382 ms
POST /api/customers/ 201 128 - 757.847 ms
POST /api/customers/ 400 50 - 321.642 ms
POST /api/customers/ 400 50 - 323.441 ms
POST /api/customers/ 200 107 - 751.644 ms
POST /api/customers/ 201 128 - 887.024 ms
POST /api/customers/ 400 48 - 2.084 ms
POST /api/customers/ 400 48 - 1.064 ms
POST /api/customers/ 201 109 - 795.561 ms
POST /api/customers/ 400 50 - 303.181 ms
POST /api/customers/ 400 50 - 347.688 ms
POST /api/customers/ 201 113 - 832.132 ms
POST /api/customers/login 200 109 - 440.693 ms
POST /api/customers/login 200 70 - 521.673 ms
POST /api/customers/login 200 70 - 473.392 ms
POST /api/customers/login 200 245 - 912.159 ms
POST /api/customers/login 200 245 - 576.107 ms
POST /api/customers/login 200 245 - 407.552 ms
POST /api/customers/login 200 245 - 466.826 ms
POST /api/customers/login 200 245 - 453.351 ms
POST /api/customers/login 400 46 - 352.994 ms
POST /api/customers/login 200 245 - 444.992 ms
POST /api/customers/login 200 245 - 475.164 ms
POST /api/customers/login 200 245 - 413.888 ms
POST /api/customers/login 200 245 - 483.035 ms
POST /api/customers/login 200 245 - 426.226 ms
POST /api/customers/login 200 245 - 503.873 ms
POST /api/customers/getCustomer 400 49 - 287.975 ms
POST /api/customers/getCustomer 400 49 - 262.818 ms
POST /api/customers/getCustomer 400 49 - 257.279 ms
POST /api/customers/getCustomer 400 49 - 409.926 ms
POST /api/customers/getCustomer 400 49 - 276.066 ms
POST /api/customers/getCustomer 400 49 - 285.300 ms
POST /api/customers/getCustomer 400 49 - 417.061 ms
POST /api/customers/getCustomer 400 49 - 325.508 ms
POST /api/customers/getCustomer 400 49 - 318.087 ms
POST /api/customers/getCustomer 400 49 - 545.985 ms
POST /api/customers/getCustomer 400 49 - 324.443 ms
POST /api/customers/getCustomer 400 49 - 320.419 ms
POST /api/customers/getCustomer 400 49 - 575.236 ms
POST /api/customers/getCustomer 400 49 - 288.628 ms
POST /api/customers/getCustomer 400 49 - 273.293 ms
POST /api/customers/getCustomer 400 49 - 564.278 ms
POST /api/customers/getCustomer 400 49 - 323.549 ms
POST /api/customers/getCustomer 400 49 - 321.883 ms
POST /api/customers/getCustomer 400 49 - 595.569 ms
POST /api/customers/getCustomer 400 49 - 1954.850 ms
POST /api/customers/getCustomer 400 49 - 1992.681 ms
POST /api/customers/getCustomer 400 49 - 307.067 ms
POST /api/customers/getCustomer 400 49 - 287.129 ms
POST /api/customers/getCustomer 400 49 - 277.721 ms
POST /api/customers/getCustomer 400 49 - 303.635 ms
POST /api/customers/getCustomer 400 49 - 292.532 ms
POST /api/customers/getCustomer 400 49 - 290.240 ms
POST /api/customers/getCustomer 400 49 - 294.050 ms
POST /api/customers/getCustomer 400 49 - 304.757 ms
POST /api/customers/getCustomer 400 49 - 295.296 ms
POST /api/customers/getCustomer 400 49 - 302.027 ms
POST /api/customers/getCustomer 400 49 - 309.085 ms
POST /api/customers/getCustomer 400 49 - 300.484 ms
POST /api/customers/getCustomer 400 49 - 302.642 ms
POST /api/customers/getCustomer 400 49 - 294.202 ms
POST /api/customers/getCustomer 400 49 - 293.211 ms
POST /api/customers/getCustomer 400 49 - 291.624 ms
POST /api/customers/getCustomer 400 49 - 309.831 ms
POST /api/customers/getCustomer 400 49 - 297.458 ms
POST /api/customers/getCustomer 400 49 - 285.687 ms
POST /api/customers/getCustomer 400 49 - 310.781 ms
POST /api/customers/getCustomer 400 49 - 301.973 ms
POST /api/customers/getCustomer 400 49 - 298.821 ms
POST /api/customers/getCustomer 400 49 - 1798.826 ms
POST /api/customers/getCustomer 400 49 - 291.928 ms
POST /api/customers/getCustomer 400 49 - 291.112 ms
POST /api/customers/getCustomer 400 49 - 303.489 ms
POST /api/customers/getCustomer 400 49 - 302.185 ms
POST /api/customers/getCustomer 400 49 - 297.598 ms
POST /api/customers/getCustomer 400 49 - 271.022 ms
POST /api/customers/getCustomer 400 49 - 270.092 ms
POST /api/customers/getCustomer 400 49 - 301.120 ms
POST /api/customers/getCustomer 400 49 - 298.872 ms
POST /api/customers/getCustomer 400 49 - 287.075 ms
POST /api/customers/getCustomer 400 49 - 299.835 ms
POST /api/customers/getCustomer 400 49 - 302.454 ms
POST /api/customers/getCustomer 400 49 - 268.157 ms
POST /api/customers/getCustomer 400 49 - 288.395 ms
POST /api/customers/getCustomer 400 49 - 283.924 ms
POST /api/customers/getCustomer 400 49 - 282.375 ms
POST /api/customers/getCustomer 400 49 - 297.676 ms
POST /api/customers/getCustomer 400 49 - 305.674 ms
POST /api/customers/getCustomer 400 49 - 299.026 ms
POST /api/customers/getCustomer 400 49 - 286.573 ms
POST /api/customers/getCustomer 400 49 - 302.120 ms
POST /api/customers/getCustomer 400 49 - 297.254 ms
POST /api/customers/getCustomer 400 49 - 301.284 ms
POST /api/customers/getCustomer 400 49 - 303.182 ms
POST /api/customers/getCustomer 400 49 - 285.325 ms
POST /api/customers/getCustomer 400 49 - 282.765 ms
POST /api/customers/getCustomer 400 49 - 300.085 ms
POST /api/customers/getCustomer 400 49 - 302.208 ms
POST /api/customers/getCustomer 400 49 - 299.953 ms
POST /api/customers/getCustomer 400 49 - 256.653 ms
POST /api/customers/getCustomer 400 49 - 258.345 ms
POST /api/customers/getCustomer 400 49 - 255.916 ms
POST /api/customers/getCustomer 400 49 - 267.798 ms
POST /api/customers/getCustomer 400 49 - 274.736 ms
POST /api/customers/getCustomer 400 49 - 285.398 ms
POST /api/customers/getCustomer 400 49 - 261.724 ms
POST /api/customers/getCustomer 400 49 - 262.151 ms
POST /api/customers/getCustomer 400 49 - 259.904 ms
POST /api/customers/getCustomer 400 49 - 267.911 ms
POST /api/customers/getCustomer 400 49 - 269.573 ms
POST /api/customers/getCustomer 400 49 - 273.932 ms
POST /api/customers/getCustomer 400 49 - 290.607 ms
POST /api/customers/getCustomer 400 49 - 286.006 ms
POST /api/customers/getCustomer 400 49 - 283.385 ms
POST /api/customers/getCustomer 400 49 - 283.226 ms
POST /api/customers/getCustomer 400 49 - 272.919 ms
POST /api/customers/getCustomer 400 49 - 272.559 ms
POST /api/customers/getCustomer 400 49 - 303.942 ms
POST /api/customers/getCustomer 400 49 - 284.560 ms
POST /api/customers/getCustomer 400 49 - 282.627 ms
POST /api/customers/getCustomer 400 49 - 306.334 ms
POST /api/customers/getCustomer 400 49 - 284.555 ms
POST /api/customers/getCustomer 400 49 - 292.576 ms
POST /api/customers/getCustomer 400 49 - 293.926 ms
POST /api/customers/getCustomer 400 49 - 283.150 ms
POST /api/customers/getCustomer 400 49 - 282.408 ms
POST /api/customers/getCustomer 400 49 - 298.425 ms
POST /api/customers/getCustomer 400 49 - 308.789 ms
POST /api/customers/getCustomer 400 49 - 298.415 ms
POST /api/customers/getCustomer 400 49 - 306.889 ms
POST /api/customers/getCustomer 200 109 - 367.665 ms
POST /api/properties/getPropCust 200 2 - 259.508 ms
POST /api/customers/getCustomer 400 49 - 320.794 ms
POST /api/customers/getCustomer 400 49 - 325.208 ms
POST /api/customers/getCustomer 400 49 - 351.243 ms
POST /api/customers/getCustomer 400 49 - 357.024 ms
POST /api/customers/getCustomer 200 109 - 347.852 ms
POST /api/properties/getPropCust 200 2 - 260.318 ms
POST /api/customers/getCustomer 400 49 - 316.959 ms
POST /api/customers/getCustomer 400 49 - 326.360 ms
POST /api/customers/getCustomer 200 109 - 287.755 ms
POST /api/properties/getPropCust 200 2 - 272.308 ms
POST /api/customers/getCustomer 400 49 - 268.667 ms
POST /api/customers/getCustomer 400 49 - 277.280 ms
POST /api/customers/getCustomer 200 109 - 354.129 ms
POST /api/properties/getPropCust 200 2 - 287.033 ms
POST /api/customers/getCustomer 200 109 - 286.761 ms
POST /api/customers/getCustomer 200 109 - 290.594 ms
POST /api/properties/getPropCust 200 2 - 282.071 ms
POST /api/properties/getPropCust 200 2 - 266.269 ms
POST /api/customers/getCustomer 200 109 - 452.360 ms
POST /api/properties/getPropCust 200 2 - 566.977 ms
POST /api/customers/getCustomer 200 109 - 272.310 ms
POST /api/customers/getCustomer 200 109 - 274.191 ms
POST /api/properties/getPropCust 200 2 - 277.221 ms
POST /api/properties/getPropCust 200 2 - 265.113 ms
POST /api/customers/getCustomer 200 109 - 305.590 ms
POST /api/properties/getPropCust 200 2 - 346.962 ms
POST /api/customers/getCustomer 200 109 - 271.273 ms
POST /api/properties/getPropCust 200 2 - 266.672 ms
POST /api/customers/getCustomer 200 109 - 376.291 ms
POST /api/properties/getPropCust 200 2 - 298.453 ms
POST /api/customers/getCustomer 200 109 - 270.877 ms
POST /api/properties/getPropCust 200 2 - 311.038 ms
POST /api/customers/getCustomer 200 109 - 368.207 ms
POST /api/customers/getCustomer 200 109 - 356.149 ms
POST /api/properties/getPropCust 200 2 - 313.341 ms
POST /api/properties/getPropCust 200 2 - 338.213 ms
POST /api/customers/getCustomer 200 109 - 317.476 ms
POST /api/customers/getCustomer 200 109 - 266.683 ms
POST /api/properties/getPropCust 200 1687 - 300.443 ms
POST /api/properties/getPropCust 200 1687 - 272.622 ms
POST /api/customers/getCustomer 200 109 - 266.826 ms
POST /api/properties/getPropCust 200 1687 - 321.991 ms
POST /api/customers/getCustomer 200 109 - 320.770 ms
POST /api/properties/getPropCust 200 1687 - 297.606 ms
POST /api/customers/getCustomer 200 109 - 338.278 ms
POST /api/properties/getPropCust 200 1687 - 297.962 ms
POST /api/customers/getCustomer 200 109 - 265.932 ms
POST /api/properties/getPropCust 200 1687 - 349.843 ms
POST /api/customers/getCustomer 200 109 - 268.665 ms
POST /api/properties/getPropCust 200 1687 - 269.811 ms
POST /api/customers/getCustomer 200 109 - 318.523 ms
POST /api/properties/getPropCust 200 1687 - 267.123 ms
POST /api/customers/getCustomer 200 109 - 292.277 ms
POST /api/properties/getPropCust 200 1687 - 301.724 ms
POST /api/customers/getCustomer 200 109 - 359.082 ms
POST /api/properties/getPropCust 200 1687 - 300.552 ms
POST /api/customers/getCustomer 200 109 - 342.921 ms
POST /api/properties/getPropCust 200 1687 - 297.625 ms
POST /api/customers/getCustomer 200 109 - 278.888 ms
POST /api/properties/getPropCust 200 1687 - 271.678 ms
POST /api/customers/getCustomer 200 109 - 268.375 ms
POST /api/properties/getPropCust 200 1687 - 331.363 ms
POST /api/customers/getCustomer 200 109 - 366.924 ms
POST /api/properties/getPropCust 200 1687 - 299.558 ms
POST /api/customers/getCustomer 200 109 - 308.034 ms
POST /api/properties/getPropCust 200 1687 - 303.781 ms
POST /api/customers/getCustomer 200 109 - 330.343 ms
POST /api/properties/getPropCust 200 1687 - 304.200 ms
POST /api/customers/getCustomer 200 109 - 271.367 ms
POST /api/properties/getPropCust 200 1687 - 267.528 ms
POST /api/customers/getCustomer 200 109 - 268.521 ms
POST /api/properties/getPropCust 200 1687 - 282.985 ms
POST /api/customers/getCustomer 200 109 - 325.978 ms
POST /api/properties/getPropCust 200 1687 - 330.578 ms
POST /api/customers/getCustomer 200 109 - 366.069 ms
POST /api/properties/getPropCust 200 1687 - 299.163 ms
POST /api/customers/getCustomer 200 109 - 271.431 ms
POST /api/properties/getPropCust 200 1687 - 268.310 ms
GET /api/properties/get 404 157 - 11.727 ms
GET /api/properties/get 404 157 - 0.854 ms
POST /api/customers/login 200 245 - 452.099 ms
GET /api/properties/get 404 157 - 0.939 ms
POST /api/customers/getCustomer 400 49 - 368.599 ms
POST /api/customers/getCustomer 200 109 - 311.009 ms
POST /api/customers/getCustomer 200 109 - 270.939 ms
POST /api/customers/getCustomer 200 109 - 258.214 ms
POST /api/properties/getPropCust 200 1687 - 259.339 ms
POST /api/properties/getPropCust 200 1687 - 268.064 ms
POST /api/customers/getCustomer 200 109 - 275.191 ms
POST /api/customers/getCustomer 200 109 - 276.520 ms
POST /api/properties/getPropCust 200 1687 - 315.237 ms
POST /api/properties/getPropCust 200 1687 - 328.187 ms
POST /api/customers/getCustomer 200 109 - 311.873 ms
POST /api/customers/getCustomer 200 109 - 321.248 ms
POST /api/properties/getPropCust 200 1687 - 274.637 ms
POST /api/properties/getPropCust 200 1687 - 285.945 ms
POST /api/customers/getCustomer 200 109 - 256.754 ms
POST /api/properties/getPropCust 200 1687 - 466.381 ms
POST /api/customers/getCustomer 200 109 - 268.648 ms
POST /api/properties/getPropCust 200 1687 - 295.153 ms
POST /api/customers/getCustomer 200 109 - 261.915 ms
POST /api/properties/getPropCust 200 1687 - 269.892 ms
POST /api/customers/getCustomer 200 109 - 320.972 ms
POST /api/properties/getPropCust 200 1687 - 301.807 ms
POST /api/customers/getCustomer 200 109 - 296.800 ms
POST /api/properties/getPropCust 200 1687 - 339.683 ms
POST /api/customers/getCustomer 200 109 - 347.445 ms
POST /api/properties/getPropCust 200 1687 - 302.501 ms
POST /api/customers/getCustomer 200 109 - 355.432 ms
POST /api/customers/getCustomer 200 109 - 305.465 ms
POST /api/properties/getPropCust 200 1687 - 305.191 ms
POST /api/properties/getPropCust 200 1687 - 281.125 ms
POST /api/customers/getCustomer 200 109 - 260.845 ms
POST /api/properties/getPropCust 200 1687 - 260.014 ms
POST /api/customers/getCustomer 200 109 - 332.412 ms
POST /api/properties/getPropCust 200 1687 - 292.921 ms
POST /api/customers/getCustomer 200 109 - 334.317 ms
POST /api/properties/getPropCust 200 1687 - 305.330 ms
POST /api/customers/getCustomer 200 109 - 297.377 ms
POST /api/customers/getCustomer 200 109 - 308.391 ms
POST /api/properties/getPropCust 200 1687 - 292.950 ms
POST /api/properties/getPropCust 200 1687 - 293.286 ms
POST /api/customers/getCustomer 200 109 - 319.371 ms
POST /api/customers/getCustomer 200 109 - 311.873 ms
POST /api/properties/getPropCust 200 1687 - 280.563 ms
POST /api/properties/getPropCust 200 1687 - 271.271 ms
POST /api/bookings/newBooking 200 241 - 939.883 ms
POST /api/bookings/newBooking 400 48 - 2.977 ms
POST /api/customers/getCustomer 200 109 - 2494.561 ms
POST /api/properties/getPropCust 200 1687 - 275.457 ms
POST /api/customers/getCustomer 200 109 - 3009.507 ms
POST /api/properties/getPropCust 200 1687 - 1322.981 ms
POST /api/customers/getCustomer 200 109 - 365.194 ms
POST /api/customers/getCustomer 200 109 - 369.878 ms
POST /api/properties/getPropCust 200 1687 - 281.387 ms
POST /api/properties/getPropCust 200 1687 - 292.324 ms
POST /api/bookings/newBooking 400 48 - 0.889 ms
POST /api/customers/getCustomer 200 109 - 332.260 ms
POST /api/customers/getCustomer 200 109 - 343.734 ms
POST /api/properties/getPropCust 200 1687 - 294.408 ms
POST /api/properties/getPropCust 200 1687 - 307.668 ms
POST /api/bookings/newBooking 400 48 - 0.336 ms
POST /api/bookings/newBooking 400 48 - 0.563 ms
POST /api/bookings/newBooking 200 241 - 928.254 ms
POST /api/customers/getCustomer 200 109 - 301.171 ms
POST /api/customers/getCustomer 200 109 - 304.375 ms
POST /api/properties/getPropCust 200 1687 - 285.187 ms
POST /api/properties/getPropCust 200 1687 - 289.972 ms
POST /api/bookings/newBooking 200 241 - 936.006 ms
POST /api/customers/getCustomer 200 109 - 326.643 ms
POST /api/customers/getCustomer 200 109 - 330.799 ms
POST /api/properties/getPropCust 200 1687 - 289.630 ms
POST /api/properties/getPropCust 200 1687 - 302.643 ms
POST /api/bookings/newBooking 200 241 - 980.852 ms
POST /api/customers/getCustomer 200 109 - 283.153 ms
POST /api/customers/getCustomer 200 109 - 291.521 ms
POST /api/properties/getPropCust 200 1687 - 293.194 ms
POST /api/properties/getPropCust 200 1687 - 301.518 ms
POST /api/bookings/newBooking 200 241 - 897.685 ms
POST /api/customers/getCustomer 200 109 - 294.067 ms
POST /api/customers/getCustomer 200 109 - 298.022 ms
POST /api/properties/getPropCust 200 1687 - 291.400 ms
POST /api/properties/getPropCust 200 1687 - 300.025 ms
POST /api/bookings/newBooking 200 241 - 905.508 ms
POST /api/customers/getCustomer 200 109 - 347.403 ms
POST /api/customers/getCustomer 200 109 - 351.985 ms
POST /api/properties/getPropCust 200 1469 - 292.895 ms
POST /api/properties/getPropCust 200 1469 - 307.316 ms
POST /api/bookings/newBooking 200 241 - 964.224 ms
POST /api/customers/getCustomer 200 109 - 259.250 ms
POST /api/customers/getCustomer 200 109 - 272.188 ms
POST /api/properties/getPropCust 200 1468 - 262.342 ms
POST /api/properties/getPropCust 200 1468 - 268.191 ms
POST /api/bookings/newBooking 200 241 - 969.677 ms
POST /api/bookings/currentBooking 400 49 - 368.072 ms
POST /api/bookings/currentBooking 400 49 - 366.503 ms
POST /api/bookings/currentBooking 200 1980 - 261.792 ms
POST /api/bookings/currentBooking 200 1980 - 262.370 ms
POST /api/bookings/currentBooking 200 1980 - 269.715 ms
POST /api/bookings/currentBooking 200 1980 - 329.423 ms
POST /api/bookings/currentBooking 200 1937 - 3262.572 ms
POST /api/bookings/currentBooking 200 1937 - 3546.529 ms
POST /api/bookings/currentBooking 200 1937 - 273.576 ms
POST /api/bookings/currentBooking 200 1937 - 263.370 ms
POST /api/bookings/currentBooking 200 4993 - 1341.017 ms
POST /api/bookings/currentBooking 200 4993 - 1631.648 ms
POST /api/bookings/currentBooking 200 4993 - 378.060 ms
POST /api/bookings/currentBooking 200 4993 - 283.343 ms
POST /api/bookings/currentBooking 200 4993 - 294.503 ms
POST /api/bookings/currentBooking 200 4993 - 261.831 ms
POST /api/bookings/currentBooking 200 4993 - 290.286 ms
POST /api/bookings/currentBooking 200 4993 - 298.657 ms
POST /api/bookings/currentBooking 200 4993 - 260.518 ms
POST /api/bookings/currentBooking 200 4993 - 260.529 ms
POST /api/bookings/currentBooking 200 4993 - 296.886 ms
POST /api/bookings/currentBooking 200 4993 - 347.897 ms
POST /api/customers/getCustomer 200 109 - 264.729 ms
POST /api/customers/getCustomer 200 109 - 262.175 ms
POST /api/properties/getPropCust 200 1468 - 355.524 ms
POST /api/properties/getPropCust 200 1468 - 350.187 ms
POST /api/bookings/newBooking 200 241 - 967.297 ms
POST /api/bookings/currentBooking 200 5617 - 345.966 ms
POST /api/bookings/currentBooking 200 5617 - 352.421 ms
POST /api/bookings/currentBooking 200 5617 - 402.410 ms
POST /api/bookings/out 404 156 - 1.801 ms
POST /api/bookings/currentBooking 200 5617 - 371.675 ms
POST /api/bookings/out 404 156 - 0.630 ms
POST /api/bookings/out 404 156 - 0.461 ms
POST /api/bookings/currentBooking 200 5617 - 268.730 ms
POST /api/bookings/currentBooking 200 5617 - 270.277 ms
PUT /api/bookings/out 200 17 - 1238.098 ms
POST /api/bookings/currentBooking 200 4993 - 317.540 ms
POST /api/bookings/currentBooking 200 4993 - 326.851 ms
POST /api/bookings/currentBooking 200 4993 - 271.230 ms
POST /api/bookings/currentBooking 200 4993 - 285.893 ms
POST /api/bookings/currentBooking 200 4993 - 278.950 ms
PUT /api/bookings/out 200 17 - 1244.602 ms
POST /api/bookings/currentBooking 200 4369 - 336.894 ms
POST /api/bookings/currentBooking 200 2 - 303.904 ms
POST /api/bookings/currentBooking 200 2 - 352.206 ms
POST /api/bookings/currentBooking 200 2 - 268.900 ms
POST /api/bookings/currentBooking 200 2 - 591.870 ms
POST /api/bookings/currentBooking 200 2 - 1469.637 ms
POST /api/bookings/currentBooking 200 2 - 1748.312 ms
POST /api/bookings/currentBooking 200 2 - 2936.357 ms
POST /api/bookings/currentBooking 200 2 - 3223.341 ms
POST /api/bookings/currentBooking 200 2 - 293.070 ms
POST /api/bookings/currentBooking 200 2 - 297.325 ms
POST /api/bookings/currentBooking 200 2 - 310.056 ms
POST /api/bookings/currentBooking 200 2 - 342.943 ms
POST /api/bookings/currentBooking 200 2 - 928.855 ms
POST /api/bookings/currentBooking 200 2 - 1395.919 ms
POST /api/bookings/currentBooking 200 2 - 1415.153 ms
POST /api/bookings/currentBooking 200 2 - 1695.786 ms
POST /api/bookings/currentBooking 200 2 - 368.219 ms
POST /api/bookings/currentBooking 200 2 - 392.126 ms
POST /api/bookings/currentBooking 200 4369 - 2250.454 ms
POST /api/bookings/currentBooking 200 4369 - 3640.449 ms
POST /api/bookings/currentBooking 200 2 - 2936.074 ms
POST /api/bookings/currentBooking 200 2 - 3207.780 ms
POST /api/bookings/currentBooking 200 2 - 1102.328 ms
POST /api/bookings/currentBooking 200 2 - 1379.288 ms
POST /api/bookings/currentBooking 200 2 - 654.663 ms
POST /api/bookings/currentBooking 200 2 - 935.593 ms
POST /api/bookings/currentBooking 200 4369 - 1030.013 ms
POST /api/bookings/currentBooking 200 4369 - 1312.184 ms
POST /api/customers/getCustomer 200 109 - 351.313 ms
POST /api/customers/getCustomer 200 109 - 359.294 ms
POST /api/properties/getPropCust 200 1686 - 294.113 ms
POST /api/properties/getPropCust 200 1686 - 308.572 ms
POST /api/customers/getCustomer 200 109 - 275.221 ms
POST /api/customers/getCustomer 200 109 - 280.674 ms
POST /api/properties/getPropCust 200 1686 - 295.827 ms
POST /api/properties/getPropCust 200 1686 - 290.646 ms
POST /api/bookings/newBooking 200 241 - 854.429 ms
POST /api/bookings/currentBooking 200 4993 - 301.076 ms
POST /api/bookings/currentBooking 200 4993 - 314.554 ms
PUT /api/bookings/out 200 17 - 1224.388 ms
POST /api/bookings/currentBooking 200 4369 - 309.847 ms
POST /api/bookings/currentBooking 200 4369 - 276.692 ms
POST /api/bookings/currentBooking 200 4369 - 279.021 ms
POST /api/bookings/currentBooking 200 2 - 1116.876 ms
POST /api/bookings/currentBooking 200 2 - 1401.884 ms
POST /api/bookings/currentBooking 200 2 - 2277.771 ms
POST /api/bookings/currentBooking 200 2 - 2565.410 ms
POST /api/bookings/currentBooking 200 2 - 890.087 ms
POST /api/bookings/currentBooking 200 2 - 1101.632 ms
POST /api/bookings/currentBooking 200 67 - 2314.867 ms
POST /api/bookings/currentBooking 200 67 - 2598.380 ms
POST /api/bookings/currentBooking 200 67 - 303.890 ms
POST /api/bookings/currentBooking 200 67 - 341.796 ms
POST /api/bookings/currentBooking 200 2 - 783.351 ms
POST /api/bookings/currentBooking 200 4369 - 568.219 ms
POST /api/bookings/currentBooking 200 4369 - 853.721 ms
POST /api/bookings/currentBooking 200 4677 - 356.381 ms
POST /api/bookings/currentBooking 200 4677 - 393.842 ms
POST /api/bookings/currentBooking 200 4677 - 1243.781 ms
POST /api/bookings/currentBooking 200 4677 - 1522.068 ms
POST /api/bookings/currentBooking 400 49 - 358.969 ms
POST /api/bookings/currentBooking 400 49 - 348.071 ms
POST /api/customers/getCustomer 200 109 - 345.316 ms
POST /api/customers/getCustomer 200 109 - 356.921 ms
POST /api/properties/getPropCust 200 1686 - 298.054 ms
POST /api/properties/getPropCust 200 1686 - 298.326 ms
POST /api/bookings/newBooking 200 82 - 313.025 ms
POST /api/bookings/currentBooking 400 49 - 279.843 ms
POST /api/bookings/currentBooking 400 49 - 276.799 ms
POST /api/bookings/currentBooking 400 49 - 358.852 ms
POST /api/bookings/currentBooking 400 49 - 364.073 ms
POST /api/customers/getCustomer 200 109 - 275.494 ms
POST /api/customers/getCustomer 200 109 - 283.134 ms
POST /api/properties/getPropCust 200 1686 - 276.884 ms
POST /api/properties/getPropCust 200 1686 - 274.512 ms
POST /api/bookings/newBooking 200 82 - 334.723 ms
POST /api/bookings/currentBooking 400 49 - 387.239 ms
POST /api/bookings/currentBooking 400 49 - 385.203 ms
POST /api/customers/getCustomer 200 109 - 268.176 ms
POST /api/customers/getCustomer 200 109 - 272.163 ms
POST /api/properties/getPropCust 200 1686 - 326.448 ms
POST /api/properties/getPropCust 200 1686 - 325.824 ms
POST /api/customers/getCustomer 200 109 - 283.945 ms
POST /api/customers/getCustomer 200 109 - 282.539 ms
POST /api/properties/getPropCust 200 1686 - 301.784 ms
POST /api/properties/getPropCust 200 1686 - 298.163 ms
POST /api/customers/getCustomer 200 109 - 338.150 ms
POST /api/customers/getCustomer 200 109 - 337.540 ms
POST /api/properties/getPropCust 200 1686 - 295.651 ms
POST /api/properties/getPropCust 200 1686 - 304.110 ms
POST /api/bookings/newBooking 200 82 - 280.514 ms
POST /api/bookings/currentBooking 400 49 - 299.156 ms
POST /api/bookings/currentBooking 400 49 - 302.931 ms
POST /api/customers/getCustomer 200 109 - 362.378 ms
POST /api/customers/getCustomer 200 109 - 365.630 ms
POST /api/properties/getPropCust 200 1686 - 299.041 ms
POST /api/properties/getPropCust 200 1686 - 298.365 ms
POST /api/bookings/newBooking 200 82 - 267.406 ms
POST /api/bookings/currentBooking 400 49 - 282.951 ms
POST /api/bookings/currentBooking 400 49 - 275.774 ms
POST /api/bookings/newBooking 200 82 - 323.439 ms
POST /api/bookings/currentBooking 400 49 - 265.612 ms
POST /api/bookings/currentBooking 400 49 - 270.529 ms
POST /api/bookings/currentBooking 400 49 - 305.866 ms
POST /api/bookings/currentBooking 400 49 - 310.029 ms
POST /api/bookings/newBooking 200 82 - 378.100 ms
POST /api/bookings/currentBooking 400 49 - 281.536 ms
POST /api/bookings/currentBooking 400 49 - 279.846 ms
POST /api/customers/getCustomer 200 109 - 331.765 ms
POST /api/customers/getCustomer 200 109 - 330.423 ms
POST /api/properties/getPropCust 200 1686 - 297.843 ms
POST /api/properties/getPropCust 200 1686 - 306.252 ms
POST /api/bookings/newBooking 200 82 - 310.923 ms
